Build started 9/11/2016 10:50:32 PM.
     1>Project "C:\Users\ale3p\Desktop\PG2MP\Engine3D\EngineExe\EngineExe\EngineExe.vcxproj" on node 2 (Build target(s)).
     1>ClCompile:
         C:\Program Files (x86)\Microsoft Visual Studio 12.0\VC\bin\CL.exe /c /IC:\Users\ale3p\Desktop\PG2MP\Engine3D\BugMachine\..\BugMachine\BugMachine\ /ZI /nologo /W3 /WX- /sdl /Od /Oy- /D _MBCS /Gm /EHsc /RTC1 /MDd /GS /fp:precise /Zc:wchar_t /Zc:forScope /Fo"Debug\\" /Fd"Debug\vc120.pdb" /Gd /TP /analyze- /errorReport:prompt EngineTest.cpp Pacman.cpp
         Pacman.cpp
     1>c:\users\ale3p\desktop\pg2mp\engine3d\bugmachine\bugmachine\mesh.h(7): warning C4275: non dll-interface class 'Entity2D' used as base for dll-interface class 'Mesh'
                 c:\users\ale3p\desktop\pg2mp\engine3d\bugmachine\bugmachine\entity2d.h(10) : see declaration of 'Entity2D'
                 c:\users\ale3p\desktop\pg2mp\engine3d\bugmachine\bugmachine\mesh.h(7) : see declaration of 'Mesh'
     1>c:\users\ale3p\desktop\pg2mp\engine3d\bugmachine\bugmachine\mesh.h(24): warning C4251: 'Mesh::rendi' : class 'Renderer' needs to have dll-interface to be used by clients of class 'Mesh'
                 c:\users\ale3p\desktop\pg2mp\engine3d\bugmachine\bugmachine\renderer.h(19) : see declaration of 'Renderer'
         EngineTest.cpp
     1>c:\users\ale3p\desktop\pg2mp\engine3d\bugmachine\bugmachine\mesh.h(7): warning C4275: non dll-interface class 'Entity2D' used as base for dll-interface class 'Mesh'
                 c:\users\ale3p\desktop\pg2mp\engine3d\bugmachine\bugmachine\entity2d.h(10) : see declaration of 'Entity2D'
                 c:\users\ale3p\desktop\pg2mp\engine3d\bugmachine\bugmachine\mesh.h(7) : see declaration of 'Mesh'
     1>c:\users\ale3p\desktop\pg2mp\engine3d\bugmachine\bugmachine\mesh.h(24): warning C4251: 'Mesh::rendi' : class 'Renderer' needs to have dll-interface to be used by clients of class 'Mesh'
                 c:\users\ale3p\desktop\pg2mp\engine3d\bugmachine\bugmachine\renderer.h(19) : see declaration of 'Renderer'
         Generating Code...
       Link:
         C:\Program Files (x86)\Microsoft Visual Studio 12.0\VC\bin\link.exe /ERRORREPORT:PROMPT /OUT:"C:\Users\ale3p\Desktop\PG2MP\Engine3D\BugMachine\..\BugMachine\bin\Win32\Debug\EngineExe.exe" /INCREMENTAL /NOLOGO /LIBPATH:C:\Users\ale3p\Desktop\PG2MP\Engine3D\BugMachine\..\BugMachine\bin\Win32\Debug\ BugMachine.lib kernel32.lib user32.lib gdi32.lib winspool.lib comdlg32.lib advapi32.lib shell32.lib ole32.lib oleaut32.lib uuid.lib odbc32.lib odbccp32.lib /MANIFEST /MANIFESTUAC:"level='asInvoker' uiAccess='false'" /manifest:embed /DEBUG /PDB:"C:\Users\ale3p\Desktop\PG2MP\Engine3D\BugMachine\..\BugMachine\bin\Win32\Debug\EngineExe.pdb" /TLBID:1 /DYNAMICBASE /NXCOMPAT /IMPLIB:"C:\Users\ale3p\Desktop\PG2MP\Engine3D\BugMachine\..\BugMachine\bin\Win32\Debug\EngineExe.lib" /MACHINE:X86 Debug\EngineTest.obj
         Debug\Pacman.obj
            Creating library C:\Users\ale3p\Desktop\PG2MP\Engine3D\BugMachine\..\BugMachine\bin\Win32\Debug\EngineExe.lib and object C:\Users\ale3p\Desktop\PG2MP\Engine3D\BugMachine\..\BugMachine\bin\Win32\Debug\EngineExe.exp
         EngineExe.vcxproj -> C:\Users\ale3p\Desktop\PG2MP\Engine3D\BugMachine\..\BugMachine\bin\Win32\Debug\EngineExe.exe
     1>Done Building Project "C:\Users\ale3p\Desktop\PG2MP\Engine3D\EngineExe\EngineExe\EngineExe.vcxproj" (Build target(s)).

Build succeeded.

Time Elapsed 00:00:01.59
