Build started 25/08/2016 11:21:05 a.m..
     1>Project "C:\Users\820\Desktop\PG2MP\Engine3D\BugMachine\BugMachine\BugMachine.vcxproj" on node 2 (Build target(s)).
     1>ClCompile:
         C:\Program Files (x86)\Microsoft Visual Studio 12.0\VC\bin\CL.exe /c /I"C:\Program Files (x86)\Microsoft DirectX SDK (June 2010)\Include" /ZI /nologo /W3 /WX- /sdl /Od /Oy- /D _WINDLL /D _MBCS /Gm /EHsc /RTC1 /MDd /GS /fp:precise /Zc:wchar_t /Zc:forScope /Fo"C:\Users\820\Desktop\PG2MP\Engine3D\BugMachine\\tmp\Win32\Debug\\" /Fd"C:\Users\820\Desktop\PG2MP\Engine3D\BugMachine\\tmp\Win32\Debug\vc120.pdb" /Gd /TP /analyze- /errorReport:prompt Camera.cpp Engine.cpp Entity2D.cpp Game.cpp Map.cpp Quad.cpp Renderer.cpp Sprite.cpp Text.cpp pg2_indexbuffer.cpp pg2_vertexbuffer.cpp
         pg2_vertexbuffer.cpp
     1>c:\users\820\desktop\pg2mp\engine3d\bugmachine\bugmachine\pg2_vertexbuffer.cpp(75): error C2039: 'setCurrentVertexBuffer' : is not a member of 'Renderer'
                 c:\users\820\desktop\pg2mp\engine3d\bugmachine\bugmachine\renderer.h(19) : see declaration of 'Renderer'
         pg2_indexbuffer.cpp
     1>c:\users\820\desktop\pg2mp\engine3d\bugmachine\bugmachine\pg2_indexbuffer.cpp(60): error C2039: 'setCurrentIndexBuffer' : is not a member of 'Renderer'
                 c:\users\820\desktop\pg2mp\engine3d\bugmachine\bugmachine\renderer.h(19) : see declaration of 'Renderer'
         Text.cpp
         Sprite.cpp
         Renderer.cpp
     1>c:\users\820\desktop\pg2mp\engine3d\bugmachine\bugmachine\renderer.cpp(37): error C2661: 'VertexBuffer::VertexBuffer' : no overloaded function takes 3 arguments
     1>c:\users\820\desktop\pg2mp\engine3d\bugmachine\bugmachine\renderer.cpp(38): error C2661: 'VertexBuffer::VertexBuffer' : no overloaded function takes 3 arguments
     1>c:\users\820\desktop\pg2mp\engine3d\bugmachine\bugmachine\renderer.cpp(67): error C2039: 'draw' : is not a member of 'VertexBuffer'
                 c:\users\820\desktop\pg2mp\engine3d\bugmachine\bugmachine\pg2_vertexbuffer.h(11) : see declaration of 'VertexBuffer'
     1>c:\users\820\desktop\pg2mp\engine3d\bugmachine\bugmachine\renderer.cpp(73): error C2039: 'draw' : is not a member of 'VertexBuffer'
                 c:\users\820\desktop\pg2mp\engine3d\bugmachine\bugmachine\pg2_vertexbuffer.h(11) : see declaration of 'VertexBuffer'
         Quad.cpp
         Map.cpp
         Game.cpp
         Entity2D.cpp
         Engine.cpp
         Camera.cpp
         Generating Code...
     1>Done Building Project "C:\Users\820\Desktop\PG2MP\Engine3D\BugMachine\BugMachine\BugMachine.vcxproj" (Build target(s)) -- FAILED.

Build FAILED.

Time Elapsed 00:00:12.84
