c:\users\820\desktop\pg2mp\engine3d\bugmachine\bin\win32\debug\bugmachine.lib
c:\users\820\desktop\pg2mp\engine3d\bugmachine\bin\win32\debug\bugmachine.exp
c:\users\ramiro\desktop\pg2mp\engine3d\bugmachine\bin\win32\debug\bugmachine.lib
c:\users\ramiro\desktop\pg2mp\engine3d\bugmachine\bin\win32\debug\bugmachine.exp
c:\users\820\desktop\pg2mp\engine3d\bugmachine\tmp\win32\debug\vc120.pdb
c:\users\820\desktop\pg2mp\engine3d\bugmachine\tmp\win32\debug\vc120.idb
c:\users\820\desktop\pg2mp\engine3d\bugmachine\tmp\win32\debug\pg2_indexbuffer.obj
c:\users\820\desktop\pg2mp\engine3d\bugmachine\tmp\win32\debug\camera.obj
c:\users\820\desktop\pg2mp\engine3d\bugmachine\tmp\win32\debug\engine.obj
c:\users\820\desktop\pg2mp\engine3d\bugmachine\tmp\win32\debug\entity2d.obj
c:\users\820\desktop\pg2mp\engine3d\bugmachine\tmp\win32\debug\game.obj
c:\users\820\desktop\pg2mp\engine3d\bugmachine\tmp\win32\debug\map.obj
c:\users\820\desktop\pg2mp\engine3d\bugmachine\tmp\win32\debug\text.obj
c:\users\820\desktop\pg2mp\engine3d\bugmachine\tmp\win32\debug\pg2_vertexbuffer.obj
c:\users\820\desktop\pg2mp\engine3d\bugmachine\tmp\win32\debug\quad.obj
c:\users\820\desktop\pg2mp\engine3d\bugmachine\tmp\win32\debug\sprite.obj
c:\users\ramiro\desktop\pg2mp\engine3d\bugmachine\tmp\win32\debug\vc120.pdb
c:\users\ramiro\desktop\pg2mp\engine3d\bugmachine\tmp\win32\debug\vc120.idb
c:\users\ramiro\desktop\pg2mp\engine3d\bugmachine\tmp\win32\debug\animation.obj
c:\users\ramiro\desktop\pg2mp\engine3d\bugmachine\tmp\win32\debug\pg1_directinput.obj
c:\users\ramiro\desktop\pg2mp\engine3d\bugmachine\tmp\win32\debug\pg1_input.obj
c:\users\ramiro\desktop\pg2mp\engine3d\bugmachine\tmp\win32\debug\pg1_timer.obj
c:\users\ramiro\desktop\pg2mp\engine3d\bugmachine\tmp\win32\debug\tinyxml2.obj
c:\users\ramiro\desktop\pg2mp\engine3d\bugmachine\tmp\win32\debug\window.obj
c:\users\ramiro\desktop\pg2mp\engine3d\bugmachine\tmp\win32\debug\camera.obj
c:\users\ramiro\desktop\pg2mp\engine3d\bugmachine\tmp\win32\debug\engine.obj
c:\users\ramiro\desktop\pg2mp\engine3d\bugmachine\tmp\win32\debug\entity2d.obj
c:\users\ramiro\desktop\pg2mp\engine3d\bugmachine\tmp\win32\debug\game.obj
c:\users\ramiro\desktop\pg2mp\engine3d\bugmachine\tmp\win32\debug\map.obj
c:\users\ramiro\desktop\pg2mp\engine3d\bugmachine\tmp\win32\debug\mesh.obj
c:\users\ramiro\desktop\pg2mp\engine3d\bugmachine\tmp\win32\debug\renderer.obj
c:\users\ramiro\desktop\pg2mp\engine3d\bugmachine\tmp\win32\debug\sprite.obj
c:\users\ramiro\desktop\pg2mp\engine3d\bugmachine\tmp\win32\debug\text.obj
c:\users\ramiro\desktop\pg2mp\engine3d\bugmachine\tmp\win32\debug\pg2_indexbuffer.obj
c:\users\ramiro\desktop\pg2mp\engine3d\bugmachine\tmp\win32\debug\pg2_vertexbuffer.obj
c:\users\ramiro\desktop\pg2mp\engine3d\bugmachine\tmp\win32\debug\quad.obj
c:\users\820\desktop\pg2mp\engine3d\bugmachine\bin\win32\debug\bugmachine.ilk
c:\users\820\desktop\pg2mp\engine3d\bugmachine\bin\win32\debug\bugmachine.dll
c:\users\820\desktop\pg2mp\engine3d\bugmachine\bin\win32\debug\bugmachine.pdb
c:\users\ramiro\desktop\pg2mp\engine3d\bugmachine\bin\win32\debug\bugmachine.ilk
c:\users\ramiro\desktop\pg2mp\engine3d\bugmachine\bin\win32\debug\bugmachine.dll
c:\users\ramiro\desktop\pg2mp\engine3d\bugmachine\bin\win32\debug\bugmachine.pdb
c:\users\ramiro\desktop\pg2mp\engine3d\bugmachine\tmp\win32\debug\pg1_vertexbuffer.obj
c:\users\ramiro\desktop\pg2mp\engine3d\bugmachine\\bin\win32\debug\bugmachine.pdb
c:\users\ramiro\desktop\pg2mp\engine3d\bugmachine\\bin\win32\debug\bugmachine.dll
c:\users\ramiro\desktop\pg2mp\engine3d\bugmachine\\bin\win32\debug\bugmachine.ilk
c:\users\ramiro\desktop\pg2mp\engine3d\bugmachine\tmp\win32\debug\bugmachine.tlog\bugmachine.write.1u.tlog
c:\users\ramiro\desktop\pg2mp\engine3d\bugmachine\tmp\win32\debug\bugmachine.tlog\cl.command.1.tlog
c:\users\ramiro\desktop\pg2mp\engine3d\bugmachine\tmp\win32\debug\bugmachine.tlog\cl.read.1.tlog
c:\users\ramiro\desktop\pg2mp\engine3d\bugmachine\tmp\win32\debug\bugmachine.tlog\cl.write.1.tlog
c:\users\ramiro\desktop\pg2mp\engine3d\bugmachine\tmp\win32\debug\bugmachine.tlog\link.command.1.tlog
c:\users\ramiro\desktop\pg2mp\engine3d\bugmachine\tmp\win32\debug\bugmachine.tlog\link.read.1.tlog
c:\users\ramiro\desktop\pg2mp\engine3d\bugmachine\tmp\win32\debug\bugmachine.tlog\link.write.1.tlog
